- The project is out-of-sync -- use `renv::status()` for details.
Using 4 cores
Note: Default density filter (0.5-1) removed 292 dataset(s). Set density = NULL to disable.
60 datasets complete; 327 need imv_1pl update; adding up to 113 new candidates — 440 total jobs on 4 cores
=== aappss_malpas_2019_scl === (re-running: cache missing required fields)

=== aappss_malpas_2019_scl ===
=== Adherence_Zissette_2018_SDB === (re-running: cache missing required fields)

=== Adherence_Zissette_2018_SDB ===
=== aestheticfluency_cotter2023 === (re-running: cache missing required fields)

=== aestheticfluency_cotter2023 ===
=== ALSECYPIAMH_WU_2022_CPS === (re-running: cache missing required fields)

=== ALSECYPIAMH_WU_2022_CPS ===
  N=709  items=26  K=6
    PCM ...
  sampling 60 items from ni=90
  N=611  items=60  K=5
  N=2480  items=36  K=3
    PCM ...
    PCM ...
  sampling 5000 from N=9567
  N=5000  items=12  K=5
    PCM ...
      RMSE=0.3434  imv_c=0.1204  imv_t=0.2014
    GPCM ...
      RMSE=0.2384  imv_c=0.2411  imv_t=0.3535
    GPCM ...
      RMSE=0.2023  imv_c=0.2318  imv_t=0.1704
    GPCM ...
      RMSE=0.3308  imv_c=0.1308  imv_t=0.2299
      RMSE=0.1993  imv_c=0.2454  imv_t=0.1781
    GRM ...
    GRM ...
      RMSE=0.3311  imv_c=0.1362  imv_t=0.235
    Tutz ...
      RMSE=0.1999  imv_c=0.2498  imv_t=0.1776
    Tutz ...
      RMSE=0.2371  imv_c=0.2446  imv_t=0.3575
      RMSE=0.2351  imv_c=0.1175  imv_t=0.381
    GPCM ...
    GRM ...
      RMSE=0.2371  imv_c=0.2446  imv_t=0.3578
    Tutz ...
      RMSE=0.2  imv_c=0.2443  imv_t=0.1771
    Binom 1PL (logit) ...
      RMSE=0.2026  imv_c=0.2093  imv_t=0.1641
    Binom 2PL (logit) ...
      RMSE=0.3323  imv_c=0.1365  imv_t=0.2337
    Binom 1PL (logit) ...
      RMSE=0.2004  imv_c=0.212  imv_t=0.1665
    Binom 1PL (cloglog) ...
      RMSE=0.234  imv_c=0.1216  imv_t=0.3875
    GRM ...
      RMSE=0.2045  imv_c=0.2065  imv_t=0.1619
    NP spline ...
      RMSE=0.3418  imv_c=-0.3164  imv_t=-0.1646
    Binom 2PL (logit) ...
      RMSE=0.1995  imv_c=0.2187  imv_t=0.1708
=== ALSECYPIAMH_WU_2022_Empathy === (re-running: cache missing required fields)

=== ALSECYPIAMH_WU_2022_Empathy ===
  sampling 5000 from N=7842
  N=5000  items=7  K=5
    PCM ...
      RMSE=0.256  imv_c=0.0646  imv_t=0.0855
    GPCM ...
      RMSE=0.2376  imv_c=0.1088  imv_t=0.1127
    GRM ...
      RMSE=0.2482  imv_c=0.1324  imv_t=0.1159
    Tutz ...
      RMSE=0.2344  imv_c=0.1225  imv_t=0.3903
    Tutz ...
      RMSE=0.2372  imv_c=0.244  imv_t=0.3564
    Binom 1PL (logit) ...
      RMSE=0.2484  imv_c=0.1406  imv_t=0.1213
    Binom 1PL (logit) ...
      RMSE=0.2559  imv_c=0.0592  imv_t=0.0845
    Binom 2PL (logit) ...
      RMSE=0.238  imv_c=0.1089  imv_t=0.1132
    Binom 1PL (cloglog) ...
      RMSE=0.3317  imv_c=-0.2927  imv_t=-0.1453
    Binom 1PL (cloglog) ...
      RMSE=0.259  imv_c=0.0381  imv_t=0.066
    NP spline ...
      RMSE=0.342  imv_c=-0.3164  imv_t=-0.1629
    NP spline ...
      RMSE=0.3355  imv_c=-0.3  imv_t=-0.148
      RMSE=0.2402  imv_c=0.2267  imv_t=0.3443
    Binom 2PL (logit) ...
=== ALSECYPIAMH_WU_2022_PIL === (re-running: cache missing required fields)

=== ALSECYPIAMH_WU_2022_PIL ===
  sampling 5000 from N=7842
  N=5000  items=4  K=7
    PCM ...
      RMSE=0.1731  imv_c=0.2472  imv_t=0.1959
    GPCM ...
      RMSE=0.1717  imv_c=0.2399  imv_t=0.1927
    GRM ...
      RMSE=0.2404  imv_c=0.0912  imv_t=0.0966
      RMSE=0.172  imv_c=0.2597  imv_t=0.1953
    Tutz ...
=== ALSECYPIAMH_WU_2022_SDQ === (re-running: cache missing required fields)

=== ALSECYPIAMH_WU_2022_SDQ ===
  sampling 5000 from N=7841
  N=5000  items=6  K=3
    PCM ...
      RMSE=0.2235  imv_c=0.3361  imv_t=0.5488
    GPCM ...
      RMSE=0.204  imv_c=0.392  imv_t=0.6321
    GRM ...
      RMSE=0.1727  imv_c=0.2465  imv_t=0.1935
    Binom 1PL (logit) ...
      RMSE=0.1724  imv_c=0.2412  imv_t=0.1939
    Binom 2PL (logit) ...
      RMSE=0.173  imv_c=0.2399  imv_t=0.1931
    Binom 1PL (cloglog) ...
      RMSE=0.2038  imv_c=0.3898  imv_t=0.6282
    Tutz ...
      RMSE=0.2058  imv_c=0.4004  imv_t=0.6427
    Binom 1PL (logit) ...
      RMSE=0.174  imv_c=0.2355  imv_t=0.1855
    NP spline ...
      RMSE=0.2196  imv_c=0.2892  imv_t=0.5209
    Binom 2PL (logit) ...
      RMSE=0.1749  imv_c=0.2315  imv_t=0.1816
=== ALSECYPIAMH_WU_2022_SWEMWBS === (re-running: cache missing required fields)

=== ALSECYPIAMH_WU_2022_SWEMWBS ===
      RMSE=0.2151  imv_c=0.3052  imv_t=0.5452
    Binom 1PL (cloglog) ...
      RMSE=0.2142  imv_c=0.3094  imv_t=0.5538
    NP spline ...
  sampling 5000 from N=7842
  N=5000  items=7  K=5
    PCM ...
      RMSE=0.1834  imv_c=0.2094  imv_t=0.2658
    GPCM ...
      RMSE=0.1817  imv_c=0.2131  imv_t=0.2699
    GRM ...
      RMSE=0.1826  imv_c=0.2159  imv_t=0.2686
    Tutz ...
      RMSE=0.2119  imv_c=0.1545  imv_t=0.3562
=== amatus_cipora_2024_sdq_l === (re-running: cache missing required fields)

=== amatus_cipora_2024_sdq_l ===
  N=1106  items=4  K=4
    PCM ...
      RMSE=0.2022  imv_c=0.1079  imv_t=0.2861
    GPCM ...
      RMSE=0.1872  imv_c=0.1244  imv_t=0.3258
    GRM ...
      RMSE=0.1875  imv_c=0.1254  imv_t=0.3208
    Tutz ...
      RMSE=0.1827  imv_c=0.2141  imv_t=0.2689
    Binom 1PL (logit) ...
      RMSE=0.1833  imv_c=0.1791  imv_t=0.2546
    Binom 2PL (logit) ...
      RMSE=0.1879  imv_c=0.1258  imv_t=0.3223
    Binom 1PL (logit) ...
      RMSE=0.2011  imv_c=0.106  imv_t=0.2843
    Binom 2PL (logit) ...
      RMSE=0.1919  imv_c=0.1241  imv_t=0.3173
    Binom 1PL (cloglog) ...
      RMSE=0.1833  imv_c=0.1759  imv_t=0.2507
    Binom 1PL (cloglog) ...
      RMSE=0.1934  imv_c=0.1071  imv_t=0.2894
    NP spline ...
      RMSE=0.1849  imv_c=0.1811  imv_t=0.2578
    NP spline ...
      RMSE=0.1922  imv_c=-0.0584  imv_t=-0.0856
=== amatus_cipora_2024_sdq_m === (re-running: cache missing required fields)

=== amatus_cipora_2024_sdq_m ===
      RMSE=0.1839  imv_c=0.181  imv_t=0.2573
=== amorim_2025_climej_desenhonotrabalho === (re-running: cache missing required fields)

=== amorim_2025_climej_desenhonotrabalho ===
  N=1106  items=4  K=4
    PCM ...
      RMSE=0.2182  imv_c=0.3362  imv_t=0.2146
    GPCM ...
      RMSE=0.1988  imv_c=0.3748  imv_t=0.2408
    GRM ...
      RMSE=0.1982  imv_c=0.3849  imv_t=0.2446
    Tutz ...
101 ids removed (101 out of 1319, 7.66%) due to response density below threshold (0.1).
To disable filtering, set `id_density_threshold = NULL`.
  N=1218  items=17  K=5
    PCM ...
      RMSE=0.1982  imv_c=0.3867  imv_t=0.2455
    Binom 1PL (logit) ...
      RMSE=0.213  imv_c=0.3266  imv_t=0.2139
    Binom 2PL (logit) ...
      RMSE=0.2417  imv_c=0.1953  imv_t=0.1691
    GPCM ...
      RMSE=0.2378  imv_c=0.2322  imv_t=0.3512
    Binom 1PL (cloglog) ...
      RMSE=0.2055  imv_c=0.3409  imv_t=0.2249
    Binom 1PL (cloglog) ...
      RMSE=0.204  imv_c=0.3473  imv_t=0.2307
    NP spline ...
      RMSE=0.201  imv_c=0.3336  imv_t=0.2195
=== amorim_2025_climej_florescimentonotrabalho === (re-running: cache missing required fields)

=== amorim_2025_climej_florescimentonotrabalho ===
      RMSE=0.2265  imv_c=0.2534  imv_t=0.214
    GRM ...
101 ids removed (101 out of 1319, 7.66%) due to response density below threshold (0.1).
To disable filtering, set `id_density_threshold = NULL`.
  N=1218  items=8  K=7
    PCM ...
      RMSE=0.2266  imv_c=0.2601  imv_t=0.2156
    Tutz ...
      RMSE=0.2344  imv_c=0.1208  imv_t=0.3847
    Binom 1PL (logit) ...
      RMSE=0.1463  imv_c=0.0757  imv_t=0.2906
    GPCM ...
      RMSE=0.1451  imv_c=0.0755  imv_t=0.2983
    GRM ...
      RMSE=0.1449  imv_c=0.0848  imv_t=0.304
    Tutz ...
      RMSE=0.2266  imv_c=0.259  imv_t=0.2166
    Binom 1PL (logit) ...
      RMSE=0.2437  imv_c=0.2189  imv_t=0.3346
    NP spline ...
      RMSE=0.2432  imv_c=0.1872  imv_t=0.1646
    Binom 2PL (logit) ...
      RMSE=0.1439  imv_c=0.084  imv_t=0.3068
    Binom 1PL (logit) ...
      RMSE=0.1466  imv_c=0.0729  imv_t=0.2869
    Binom 2PL (logit) ...
      RMSE=0.2374  imv_c=0.2314  imv_t=0.35
=== anunciacao_2025_emotional_relationships === (re-running: cache missing required fields)

=== anunciacao_2025_emotional_relationships ===
345 ids removed (345 out of 8100, 4.26%) due to response density below threshold (0.1).
To disable filtering, set `id_density_threshold = NULL`.
  sampling 5000 from N=7755
  N=5000  items=10  K=5
    PCM ...
      RMSE=0.2821  imv_c=0.1517  imv_t=0.154
    GPCM ...
      RMSE=0.2271  imv_c=0.2377  imv_t=0.2069
    Binom 1PL (cloglog) ...
      RMSE=0.2766  imv_c=0.1869  imv_t=0.1734
    GRM ...
      RMSE=0.277  imv_c=0.1952  imv_t=0.1728
    Tutz ...
      RMSE=0.2416  imv_c=0.1963  imv_t=0.1714
    NP spline ...
      RMSE=0.2772  imv_c=0.1945  imv_t=0.1737
    Binom 1PL (logit) ...
      RMSE=0.228  imv_c=0.2398  imv_t=0.2088
=== anunciacao_2025_emotional_responsibility === (re-running: cache missing required fields)

=== anunciacao_2025_emotional_responsibility ===
      RMSE=0.2802  imv_c=0.0951  imv_t=0.1447
    Binom 2PL (logit) ...
348 ids removed (348 out of 8100, 4.3%) due to response density below threshold (0.1).
To disable filtering, set `id_density_threshold = NULL`.
  sampling 5000 from N=7752
  N=5000  items=8  K=5
    PCM ...
      RMSE=0.146  imv_c=0.0756  imv_t=0.2959
    Binom 1PL (cloglog) ...
      RMSE=0.2778  imv_c=0.113  imv_t=0.1555
    Binom 1PL (cloglog) ...
      RMSE=0.2781  imv_c=0.1223  imv_t=0.154
    GPCM ...
      RMSE=0.2749  imv_c=0.1543  imv_t=0.1695
    GRM ...
      RMSE=0.2755  imv_c=0.1632  imv_t=0.1686
    Tutz ...
      RMSE=0.2817  imv_c=0.0694  imv_t=0.1295
    NP spline ...
      RMSE=0.1476  imv_c=0.0618  imv_t=0.2738
    NP spline ...
      RMSE=0.2769  imv_c=0.1496  imv_t=0.1641
    Binom 1PL (logit) ...
      RMSE=0.1466  imv_c=0.0711  imv_t=0.2907
=== anunciacao_2025_emotional_social-awareness === (re-running: cache missing required fields)

=== anunciacao_2025_emotional_social-awareness ===
      RMSE=0.2812  imv_c=0.0787  imv_t=0.1339
      RMSE=0.2774  imv_c=0.0883  imv_t=0.1478
    Binom 2PL (logit) ...
=== anunciacao_2025_personality_affiliation === (re-running: cache missing required fields)

=== anunciacao_2025_personality_affiliation ===
Error fetching dataset 'anunciacao_2025_personality_affiliation' : [400 invalid_request] Cannot export more than 100GB within a 30 day period, unless the dataset's owner has configured an export billing project.

You have exported 100GB in the past 30 days, and this export of 0.2GB would cause you to exceed the limit. Consider using transforms and notebooks on Redivis to avoid these egress limits.
349 ids removed (349 out of 8100, 4.31%) due to response density below threshold (0.1).
To disable filtering, set `id_density_threshold = NULL`.
  sampling 5000 from N=7751
  N=5000  items=8  K=5
      RMSE=0.2758  imv_c=0.1003  imv_t=0.1562
    Binom 1PL (cloglog) ...
    PCM ...
Error fetching dataset 'anunciacao_2025_personality_affiliation' : [400 invalid_request] Cannot export more than 100GB within a 30 day period, unless the dataset's owner has configured an export billing project.

You have exported 100GB in the past 30 days, and this export of 0.2GB would cause you to exceed the limit. Consider using transforms and notebooks on Redivis to avoid these egress limits.
      RMSE=0.2697  imv_c=0.1488  imv_t=0.1314
    GPCM ...
      RMSE=0.2666  imv_c=0.1733  imv_t=0.1451
    GRM ...
      RMSE=0.2804  imv_c=0.0473  imv_t=0.1219
    NP spline ...
      RMSE=0.2671  imv_c=0.1795  imv_t=0.1451
    Tutz ...
      RMSE=0.2808  imv_c=0.049  imv_t=0.1232
      RMSE=0.235  imv_c=0.0707  imv_t=0.3656
    Binom 2PL (logit) ...
=== anunciacao_2025_personality_autonomy === (re-running: cache missing required fields)

=== anunciacao_2025_personality_autonomy ===
Error fetching dataset 'anunciacao_2025_personality_autonomy' : [400 invalid_request] Cannot export more than 100GB within a 30 day period, unless the dataset's owner has configured an export billing project.

You have exported 100GB in the past 30 days, and this export of 0.2GB would cause you to exceed the limit. Consider using transforms and notebooks on Redivis to avoid these egress limits.
      RMSE=0.2683  imv_c=0.1722  imv_t=0.1425
    Binom 1PL (logit) ...
Error fetching dataset 'anunciacao_2025_personality_affiliation' : [400 invalid_request] Cannot export more than 100GB within a 30 day period, unless the dataset's owner has configured an export billing project.

You have exported 100GB in the past 30 days, and this export of 0.2GB would cause you to exceed the limit. Consider using transforms and notebooks on Redivis to avoid these egress limits.
      RMSE=0.2693  imv_c=0.1159  imv_t=0.1253
    Binom 2PL (logit) ...
Error fetching dataset 'anunciacao_2025_personality_autonomy' : [400 invalid_request] Cannot export more than 100GB within a 30 day period, unless the dataset's owner has configured an export billing project.

You have exported 100GB in the past 30 days, and this export of 0.2GB would cause you to exceed the limit. Consider using transforms and notebooks on Redivis to avoid these egress limits.
      RMSE=0.2669  imv_c=0.1292  imv_t=0.1346
    Binom 1PL (cloglog) ...
      RMSE=0.2714  imv_c=0.0834  imv_t=0.1031
    NP spline ...
Error fetching dataset 'anunciacao_2025_personality_autonomy' : [400 invalid_request] Cannot export more than 100GB within a 30 day period, unless the dataset's owner has configured an export billing project.

You have exported 100GB in the past 30 days, and this export of 0.2GB would cause you to exceed the limit. Consider using transforms and notebooks on Redivis to avoid these egress limits.
      RMSE=0.2706  imv_c=0.0941  imv_t=0.1108
=== anunciacao_2025_personality_change === (re-running: cache missing required fields)

=== anunciacao_2025_personality_change ===
=== anunciacao_2025_personality_deference === (re-running: cache missing required fields)

=== anunciacao_2025_personality_deference ===
Error fetching dataset 'anunciacao_2025_personality_deference' : [400 invalid_request] Cannot export more than 100GB within a 30 day period, unless the dataset's owner has configured an export billing project.

You have exported 100GB in the past 30 days, and this export of 0.2GB would cause you to exceed the limit. Consider using transforms and notebooks on Redivis to avoid these egress limits.
Error fetching dataset 'anunciacao_2025_personality_deference' : [400 invalid_request] Cannot export more than 100GB within a 30 day period, unless the dataset's owner has configured an export billing project.

You have exported 100GB in the past 30 days, and this export of 0.2GB would cause you to exceed the limit. Consider using transforms and notebooks on Redivis to avoid these egress limits.
=== anunciacao_2025_personality_dominance === (re-running: cache missing required fields)

=== anunciacao_2025_personality_dominance ===
Error fetching dataset 'anunciacao_2025_personality_dominance' : [400 invalid_request] Cannot export more than 100GB within a 30 day period, unless the dataset's owner has configured an export billing project.

You have exported 100GB in the past 30 days, and this export of 0.1GB would cause you to exceed the limit. Consider using transforms and notebooks on Redivis to avoid these egress limits.
Error fetching dataset 'anunciacao_2025_personality_deference' : [400 invalid_request] Cannot export more than 100GB within a 30 day period, unless the dataset's owner has configured an export billing project.

You have exported 100GB in the past 30 days, and this export of 0.2GB would cause you to exceed the limit. Consider using transforms and notebooks on Redivis to avoid these egress limits.
Error fetching dataset 'anunciacao_2025_personality_dominance' : [400 invalid_request] Cannot export more than 100GB within a 30 day period, unless the dataset's owner has configured an export billing project.

You have exported 100GB in the past 30 days, and this export of 0.1GB would cause you to exceed the limit. Consider using transforms and notebooks on Redivis to avoid these egress limits.
Error fetching dataset 'anunciacao_2025_personality_dominance' : [400 invalid_request] Cannot export more than 100GB within a 30 day period, unless the dataset's owner has configured an export billing project.

You have exported 100GB in the past 30 days, and this export of 0.1GB would cause you to exceed the limit. Consider using transforms and notebooks on Redivis to avoid these egress limits.
=== anunciacao_2025_personality_exhibition === (re-running: cache missing required fields)

=== anunciacao_2025_personality_exhibition ===
Error fetching dataset 'anunciacao_2025_personality_exhibition' : [400 invalid_request] Cannot export more than 100GB within a 30 day period, unless the dataset's owner has configured an export billing project.

You have exported 100GB in the past 30 days, and this export of 0.2GB would cause you to exceed the limit. Consider using transforms and notebooks on Redivis to avoid these egress limits.
Error fetching dataset 'anunciacao_2025_personality_exhibition' : [400 invalid_request] Cannot export more than 100GB within a 30 day period, unless the dataset's owner has configured an export billing project.

You have exported 100GB in the past 30 days, and this export of 0.2GB would cause you to exceed the limit. Consider using transforms and notebooks on Redivis to avoid these egress limits.
=== anunciacao_2025_personality_intraception === (re-running: cache missing required fields)

=== anunciacao_2025_personality_intraception ===
Error fetching dataset 'anunciacao_2025_personality_intraception' : [400 invalid_request] Cannot export more than 100GB within a 30 day period, unless the dataset's owner has configured an export billing project.

You have exported 100GB in the past 30 days, and this export of 0.1GB would cause you to exceed the limit. Consider using transforms and notebooks on Redivis to avoid these egress limits.
Error fetching dataset 'anunciacao_2025_personality_exhibition' : [400 invalid_request] Cannot export more than 100GB within a 30 day period, unless the dataset's owner has configured an export billing project.

You have exported 100GB in the past 30 days, and this export of 0.2GB would cause you to exceed the limit. Consider using transforms and notebooks on Redivis to avoid these egress limits.
Error fetching dataset 'anunciacao_2025_personality_intraception' : [400 invalid_request] Cannot export more than 100GB within a 30 day period, unless the dataset's owner has configured an export billing project.

You have exported 100GB in the past 30 days, and this export of 0.1GB would cause you to exceed the limit. Consider using transforms and notebooks on Redivis to avoid these egress limits.
Error fetching dataset 'anunciacao_2025_personality_intraception' : [400 invalid_request] Cannot export more than 100GB within a 30 day period, unless the dataset's owner has configured an export billing project.

You have exported 100GB in the past 30 days, and this export of 0.1GB would cause you to exceed the limit. Consider using transforms and notebooks on Redivis to avoid these egress limits.
=== anunciacao_2025_personality_nurturance === (re-running: cache missing required fields)

=== anunciacao_2025_personality_nurturance ===
Error fetching dataset 'anunciacao_2025_personality_nurturance' : [400 invalid_request] Cannot export more than 100GB within a 30 day period, unless the dataset's owner has configured an export billing project.

You have exported 100GB in the past 30 days, and this export of 0.2GB would cause you to exceed the limit. Consider using transforms and notebooks on Redivis to avoid these egress limits.
Error fetching dataset 'anunciacao_2025_personality_nurturance' : [400 invalid_request] Cannot export more than 100GB within a 30 day period, unless the dataset's owner has configured an export billing project.

You have exported 100GB in the past 30 days, and this export of 0.2GB would cause you to exceed the limit. Consider using transforms and notebooks on Redivis to avoid these egress limits.
=== anunciacao_2025_personality_order === (re-running: cache missing required fields)

=== anunciacao_2025_personality_order ===
Error fetching dataset 'anunciacao_2025_personality_order' : [400 invalid_request] Cannot export more than 100GB within a 30 day period, unless the dataset's owner has configured an export billing project.

You have exported 100GB in the past 30 days, and this export of 0.1GB would cause you to exceed the limit. Consider using transforms and notebooks on Redivis to avoid these egress limits.
Error fetching dataset 'anunciacao_2025_personality_nurturance' : [400 invalid_request] Cannot export more than 100GB within a 30 day period, unless the dataset's owner has configured an export billing project.

You have exported 100GB in the past 30 days, and this export of 0.2GB would cause you to exceed the limit. Consider using transforms and notebooks on Redivis to avoid these egress limits.
11 ids removed (11 out of 272845, 0%) due to response density below threshold (0.1).
To disable filtering, set `id_density_threshold = NULL`.
  sampling 5000 from N=272834
  N=5000  items=7  K=7
    PCM ...
Error fetching dataset 'anunciacao_2025_personality_order' : [400 invalid_request] Cannot export more than 100GB within a 30 day period, unless the dataset's owner has configured an export billing project.

You have exported 100GB in the past 30 days, and this export of 0.1GB would cause you to exceed the limit. Consider using transforms and notebooks on Redivis to avoid these egress limits.
      RMSE=0.2215  imv_c=0.1265  imv_t=0.1639
    GPCM ...
      RMSE=0.2173  imv_c=0.1538  imv_t=0.1848
    GRM ...
      RMSE=0.2174  imv_c=0.1672  imv_t=0.1887
    Tutz ...
Error fetching dataset 'anunciacao_2025_personality_order' : [400 invalid_request] Cannot export more than 100GB within a 30 day period, unless the dataset's owner has configured an export billing project.

You have exported 100GB in the past 30 days, and this export of 0.1GB would cause you to exceed the limit. Consider using transforms and notebooks on Redivis to avoid these egress limits.
=== anunciacao_2025_personality_persistence === (re-running: cache missing required fields)

=== anunciacao_2025_personality_persistence ===
Error fetching dataset 'anunciacao_2025_personality_persistence' : [400 invalid_request] Cannot export more than 100GB within a 30 day period, unless the dataset's owner has configured an export billing project.

You have exported 100GB in the past 30 days, and this export of 0.2GB would cause you to exceed the limit. Consider using transforms and notebooks on Redivis to avoid these egress limits.
      RMSE=0.2181  imv_c=0.1635  imv_t=0.1883
    Binom 1PL (logit) ...
Error fetching dataset 'anunciacao_2025_personality_persistence' : [400 invalid_request] Cannot export more than 100GB within a 30 day period, unless the dataset's owner has configured an export billing project.

You have exported 100GB in the past 30 days, and this export of 0.2GB would cause you to exceed the limit. Consider using transforms and notebooks on Redivis to avoid these egress limits.
      RMSE=0.2203  imv_c=0.0749  imv_t=0.1524
    Binom 2PL (logit) ...
=== anunciacao_2025_personality_succorance === (re-running: cache missing required fields)

=== anunciacao_2025_personality_succorance ===
Error fetching dataset 'anunciacao_2025_personality_succorance' : [400 invalid_request] Cannot export more than 100GB within a 30 day period, unless the dataset's owner has configured an export billing project.

You have exported 100GB in the past 30 days, and this export of 0.1GB would cause you to exceed the limit. Consider using transforms and notebooks on Redivis to avoid these egress limits.
Error fetching dataset 'anunciacao_2025_personality_persistence' : [400 invalid_request] Cannot export more than 100GB within a 30 day period, unless the dataset's owner has configured an export billing project.

You have exported 100GB in the past 30 days, and this export of 0.2GB would cause you to exceed the limit. Consider using transforms and notebooks on Redivis to avoid these egress limits.
Error fetching dataset 'anunciacao_2025_personality_succorance' : [400 invalid_request] Cannot export more than 100GB within a 30 day period, unless the dataset's owner has configured an export billing project.

You have exported 100GB in the past 30 days, and this export of 0.1GB would cause you to exceed the limit. Consider using transforms and notebooks on Redivis to avoid these egress limits.
      RMSE=0.22  imv_c=0.0712  imv_t=0.1536
    Binom 1PL (cloglog) ...
      RMSE=0.2232  imv_c=0.0454  imv_t=0.129
    NP spline ...
      RMSE=0.2197  imv_c=0.0862  imv_t=0.1572
=== anxiety_gastro_symptoms === (re-running: cache missing required fields)

=== anxiety_gastro_symptoms ===
Error fetching dataset 'anunciacao_2025_personality_succorance' : [400 invalid_request] Cannot export more than 100GB within a 30 day period, unless the dataset's owner has configured an export billing project.

You have exported 100GB in the past 30 days, and this export of 0.1GB would cause you to exceed the limit. Consider using transforms and notebooks on Redivis to avoid these egress limits.
=== APFCompact_Ptacek_2024_AAQ_II === (re-running: cache missing required fields)

=== APFCompact_Ptacek_2024_AAQ_II ===
  N=382  items=15  K=5
    PCM ...
      RMSE=0.233  imv_c=0.3268  imv_t=0.3038
    GPCM ...
  N=299  items=7  K=7
    PCM ...
      RMSE=0.2309  imv_c=0.3345  imv_t=0.3067
    GRM ...
      RMSE=0.2279  imv_c=0.3049  imv_t=0.2221
    GPCM ...
      RMSE=0.2278  imv_c=0.3024  imv_t=0.221
    GRM ...
      RMSE=0.226  imv_c=0.3237  imv_t=0.2273
    Tutz ...
      RMSE=0.2323  imv_c=0.3382  imv_t=0.3074
    Tutz ...
=== APFCompact_Ptacek_2024_DASS-21 === (re-running: cache missing required fields)

=== APFCompact_Ptacek_2024_DASS-21 ===
      RMSE=0.227  imv_c=0.2901  imv_t=0.2213
    Binom 1PL (logit) ...
  N=299  items=21  K=4
      RMSE=0.2277  imv_c=0.2459  imv_t=0.2099
    Binom 2PL (logit) ...
    PCM ...
      RMSE=0.2456  imv_c=0.249  imv_t=0.2485
    GPCM ...
      RMSE=0.2423  imv_c=0.2671  imv_t=0.2587
    GRM ...
      RMSE=0.2422  imv_c=0.2685  imv_t=0.2601
    Tutz ...
      RMSE=0.2321  imv_c=0.3214  imv_t=0.3028
    Binom 1PL (logit) ...
      RMSE=0.2279  imv_c=0.2434  imv_t=0.2029
    Binom 1PL (cloglog) ...
      RMSE=0.2301  imv_c=0.2354  imv_t=0.1991
    NP spline ...
      RMSE=0.2352  imv_c=0.2583  imv_t=0.292
    Binom 2PL (logit) ...
      RMSE=0.2302  imv_c=0.2291  imv_t=0.1929
=== APFCompact_Ptacek_2024_SWLS === (re-running: cache missing required fields)

=== APFCompact_Ptacek_2024_SWLS ===
  N=299  items=5  K=7
    PCM ...
      RMSE=0.1907  imv_c=0.2522  imv_t=0.1999
    GPCM ...
      RMSE=0.1917  imv_c=0.236  imv_t=0.1927
    GRM ...
      RMSE=0.1913  imv_c=0.2636  imv_t=0.207
    Tutz ...
      RMSE=0.1927  imv_c=0.2139  imv_t=0.1894
    Binom 1PL (logit) ...
      RMSE=0.2432  imv_c=0.2663  imv_t=0.2568
    Binom 1PL (logit) ...
      RMSE=0.1894  imv_c=0.2614  imv_t=0.2028
    Binom 2PL (logit) ...
      RMSE=0.2482  imv_c=0.2493  imv_t=0.2464
    Binom 2PL (logit) ...
      RMSE=0.1936  imv_c=0.2513  imv_t=0.1928
    Binom 1PL (cloglog) ...
      RMSE=0.1872  imv_c=0.2732  imv_t=0.2073
    NP spline ...
      RMSE=0.191  imv_c=0.2464  imv_t=0.1939
=== aps_vangsness_2019 === (re-running: cache missing required fields)

=== aps_vangsness_2019 ===
  N=232  items=16  K=5
    PCM ...
      RMSE=0.2802  imv_c=0.1368  imv_t=0.1486
    GPCM ...
      RMSE=0.2709  imv_c=0.1723  imv_t=0.187
    GRM ...
      RMSE=0.2711  imv_c=0.1777  imv_t=0.1882
    Tutz ...
      RMSE=0.2434  imv_c=0.2598  imv_t=0.255
    Binom 1PL (cloglog) ...
      RMSE=0.2293  imv_c=0.2822  imv_t=0.3024
    Binom 1PL (cloglog) ...
      RMSE=0.271  imv_c=0.1847  imv_t=0.1916
    Binom 1PL (logit) ...
      RMSE=0.2794  imv_c=0.0443  imv_t=0.1349
    Binom 2PL (logit) ...
      RMSE=0.2371  imv_c=0.2504  imv_t=0.2886
    NP spline ...
      RMSE=0.2316  imv_c=0.27  imv_t=0.297
=== assessment_time_fournier_2025_bscs === (re-running: cache missing required fields)

=== assessment_time_fournier_2025_bscs ===
      RMSE=0.2701  imv_c=0.0848  imv_t=0.1788
    Binom 1PL (cloglog) ...
  N=398  items=13  K=5
    PCM ...
      RMSE=0.2289  imv_c=0.3094  imv_t=0.1857
    GPCM ...
      RMSE=0.2495  imv_c=0.2462  imv_t=0.2438
    NP spline ...
      RMSE=0.2306  imv_c=0.3015  imv_t=0.1819
    GRM ...
      RMSE=0.2418  imv_c=0.2623  imv_t=0.2564
=== assessment_time_fournier_2025_phq === (re-running: cache missing required fields)

=== assessment_time_fournier_2025_phq ===
      RMSE=0.2301  imv_c=0.3073  imv_t=0.1832
    Tutz ...
  N=398  items=9  K=4
    PCM ...
      RMSE=0.2254  imv_c=0.1949  imv_t=0.3804
    GPCM ...
      RMSE=0.2195  imv_c=0.2042  imv_t=0.393
    GRM ...
      RMSE=0.2205  imv_c=0.2045  imv_t=0.3933
    Tutz ...
      RMSE=0.2798  imv_c=0.0441  imv_t=0.1342
    NP spline ...
      RMSE=0.2758  imv_c=0.0588  imv_t=0.1588
=== assessment_time_fournier_2025_upps === (re-running: cache missing required fields)

=== assessment_time_fournier_2025_upps ===
  N=398  items=20  K=4
    PCM ...
      RMSE=0.2297  imv_c=0.3016  imv_t=0.1834
    Binom 1PL (logit) ...
      RMSE=0.2194  imv_c=0.2061  imv_t=0.3951
    Binom 1PL (logit) ...
      RMSE=0.2398  imv_c=0.2408  imv_t=0.1365
    GPCM ...
      RMSE=0.2349  imv_c=0.2591  imv_t=0.1463
    GRM ...
      RMSE=0.2265  imv_c=0.1886  imv_t=0.3781
    Binom 2PL (logit) ...
      RMSE=0.2298  imv_c=0.3074  imv_t=0.1849
    Binom 2PL (logit) ...
      RMSE=0.2344  imv_c=0.2593  imv_t=0.1463
    Tutz ...
